14:30:07.831 [main] DEBUG o.s.d.r.s.commands.ContextCommands - Cleared context variables...
14:30:27.661 [main] DEBUG o.s.d.r.s.commands.ContextCommands - Cleared context variables...
14:31:25.640 [main] DEBUG o.s.d.r.s.commands.ContextCommands - Cleared context variables...
14:32:42.799 [main] DEBUG o.s.d.r.s.commands.ContextCommands - Cleared context variables...
14:32:49.529 [main] DEBUG o.s.d.r.s.commands.ContextCommands - Cleared context variables...
14:32:54.885 [Spring Shell] DEBUG o.s.d.r.s.commands.DiscoveryCommands - No 'Accept' header specified, using application/x-spring-data-compact+json
14:32:55.008 [Spring Shell] DEBUG o.s.d.r.s.commands.DiscoveryCommands - Returning links: []
14:33:01.888 [Spring Shell] DEBUG o.s.d.r.s.commands.DiscoveryCommands - No 'Accept' header specified, using application/x-spring-data-compact+json
14:33:01.926 [Spring Shell] WARN  o.s.web.client.RestTemplate - GET request for "http://timetracking-nonpropellent-tinhorn.local.micropcf.io/alps/timeEntries//" resulted in 404 (Not Found); invoking error handler
14:33:15.243 [Spring Shell] DEBUG o.s.d.r.s.commands.DiscoveryCommands - No 'Accept' header specified, using application/x-spring-data-compact+json
14:33:15.252 [Spring Shell] DEBUG o.s.d.r.s.commands.DiscoveryCommands - Returning links: []
14:33:31.855 [Spring Shell] INFO  o.s.d.r.shell.commands.HttpCommands - Sending GET to http://timetracking-nonpropellent-tinhorn.local.micropcf.io/timeEntries using null
14:33:43.825 [Spring Shell] INFO  o.s.d.r.shell.commands.HttpCommands - Sending GET to http://timetracking-nonpropellent-tinhorn.local.micropcf.io/timeEntries/1 using null
14:33:52.204 [Spring Shell] DEBUG o.s.d.r.s.commands.DiscoveryCommands - No 'Accept' header specified, using application/x-spring-data-compact+json
14:33:52.245 [Spring Shell] DEBUG o.s.d.r.s.commands.DiscoveryCommands - Returning links: [{ rel : self, href : http://timetracking-nonpropellent-tinhorn.local.micropcf.io/timeEntries{?page,size,sort} }, { rel : search, href : http://timetracking-nonpropellent-tinhorn.local.micropcf.io/timeEntries/search }, { rel : timeEntry, href : http://timetracking-nonpropellent-tinhorn.local.micropcf.io/timeEntries/1 }, { rel : timeEntry, href : http://timetracking-nonpropellent-tinhorn.local.micropcf.io/timeEntries/2 }, { rel : timeEntry, href : http://timetracking-nonpropellent-tinhorn.local.micropcf.io/timeEntries/3 }, { rel : timeEntry, href : http://timetracking-nonpropellent-tinhorn.local.micropcf.io/timeEntries/4 }, { rel : timeEntry, href : http://timetracking-nonpropellent-tinhorn.local.micropcf.io/timeEntries/5 }, { rel : timeEntry, href : http://timetracking-nonpropellent-tinhorn.local.micropcf.io/timeEntries/6 }, { rel : timeEntry, href : http://timetracking-nonpropellent-tinhorn.local.micropcf.io/timeEntries/7 }, { rel : timeEntry, href : http://timetracking-nonpropellent-tinhorn.local.micropcf.io/timeEntries/8 }, { rel : timeEntry, href : http://timetracking-nonpropellent-tinhorn.local.micropcf.io/timeEntries/9 }, { rel : timeEntry, href : http://timetracking-nonpropellent-tinhorn.local.micropcf.io/timeEntries/10 }]
14:34:01.504 [Spring Shell] INFO  o.s.d.r.shell.commands.HttpCommands - Sending GET to http://timetracking-nonpropellent-tinhorn.local.micropcf.io/timeEntries/search using null
14:34:46.619 [Spring Shell] INFO  o.s.d.r.shell.commands.HttpCommands - Sending GET to http://timetracking-nonpropellent-tinhorn.local.micropcf.io/timeEntries/search/findByFeName?feName=Chris+Moon using null
14:34:57.888 [Spring Shell] INFO  o.s.d.r.shell.commands.HttpCommands - Sending GET to http://timetracking-nonpropellent-tinhorn.local.micropcf.io/timeEntries%7B?page,size,sort%7D using null
14:35:07.944 [Spring Shell] INFO  o.s.d.r.shell.commands.HttpCommands - Sending GET to http://timetracking-nonpropellent-tinhorn.local.micropcf.io/timeEntries/search using null
14:35:35.582 [Spring Shell] INFO  o.s.d.r.shell.commands.HttpCommands - Sending GET to http://timetracking-nonpropellent-tinhorn.local.micropcf.io/timeEntries/search/findByAccountName?accountName=Pivotal using null
14:36:26.696 [main] DEBUG o.s.d.r.s.commands.ContextCommands - Cleared context variables...
14:36:39.640 [Spring Shell] DEBUG o.s.d.r.s.commands.DiscoveryCommands - No 'Accept' header specified, using application/x-spring-data-compact+json
14:36:39.658 [Spring Shell] DEBUG o.s.d.r.s.commands.DiscoveryCommands - Returning links: []
14:36:56.216 [Spring Shell] DEBUG o.s.d.r.s.commands.DiscoveryCommands - No 'Accept' header specified, using application/x-spring-data-compact+json
14:36:56.637 [Spring Shell] DEBUG o.s.d.r.s.commands.DiscoveryCommands - Returning links: [{ rel : self, href : http://timetracking-nonpropellent-tinhorn.local.micropcf.io/timeEntries{?page,size,sort} }, { rel : search, href : http://timetracking-nonpropellent-tinhorn.local.micropcf.io/timeEntries/search }, { rel : timeEntry, href : http://timetracking-nonpropellent-tinhorn.local.micropcf.io/timeEntries/1 }, { rel : timeEntry, href : http://timetracking-nonpropellent-tinhorn.local.micropcf.io/timeEntries/2 }, { rel : timeEntry, href : http://timetracking-nonpropellent-tinhorn.local.micropcf.io/timeEntries/3 }, { rel : timeEntry, href : http://timetracking-nonpropellent-tinhorn.local.micropcf.io/timeEntries/4 }, { rel : timeEntry, href : http://timetracking-nonpropellent-tinhorn.local.micropcf.io/timeEntries/5 }, { rel : timeEntry, href : http://timetracking-nonpropellent-tinhorn.local.micropcf.io/timeEntries/6 }, { rel : timeEntry, href : http://timetracking-nonpropellent-tinhorn.local.micropcf.io/timeEntries/7 }, { rel : timeEntry, href : http://timetracking-nonpropellent-tinhorn.local.micropcf.io/timeEntries/8 }, { rel : timeEntry, href : http://timetracking-nonpropellent-tinhorn.local.micropcf.io/timeEntries/9 }, { rel : timeEntry, href : http://timetracking-nonpropellent-tinhorn.local.micropcf.io/timeEntries/10 }]
14:37:02.938 [Spring Shell] INFO  o.s.d.r.shell.commands.HttpCommands - Sending GET to http://timetracking-nonpropellent-tinhorn.local.micropcf.io/timeEntries/1 using null
14:38:51.591 [Spring Shell] INFO  o.s.d.r.shell.commands.HttpCommands - Sending POST to http://timetracking-nonpropellent-tinhorn.local.micropcf.io/timeEntries/ using {feName=Jig, accountName=Pivotal, date=2016-03-02, hours=1.5}
14:38:59.914 [Spring Shell] INFO  o.s.d.r.shell.commands.HttpCommands - Sending GET to http://timetracking-nonpropellent-tinhorn.local.micropcf.io/timeEntries/11 using null
14:39:04.436 [Spring Shell] INFO  o.s.d.r.shell.commands.HttpCommands - Sending GET to http://timetracking-nonpropellent-tinhorn.local.micropcf.io/timeEntries/ using null
14:39:07.458 [Spring Shell] INFO  o.s.d.r.shell.commands.HttpCommands - Sending GET to http://timetracking-nonpropellent-tinhorn.local.micropcf.io/timeEntries%7B?page,size,sort%7D using null
14:39:24.972 [Spring Shell] INFO  o.s.d.r.shell.commands.HttpCommands - Sending POST to http://timetracking-nonpropellent-tinhorn.local.micropcf.io/timeEntries/ using {feName=Jig Sheth, accountName=Pivotal, date=2016-03-02, hours=1.5}
14:39:30.262 [Spring Shell] INFO  o.s.d.r.shell.commands.HttpCommands - Sending GET to http://timetracking-nonpropellent-tinhorn.local.micropcf.io/timeEntries%7B?page,size,sort%7D using null
14:41:20.189 [main] DEBUG o.s.d.r.s.commands.ContextCommands - Cleared context variables...
14:41:29.690 [Spring Shell] DEBUG o.s.d.r.s.commands.DiscoveryCommands - No 'Accept' header specified, using application/x-spring-data-compact+json
14:41:38.678 [Spring Shell] DEBUG o.s.d.r.s.commands.DiscoveryCommands - No 'Accept' header specified, using application/x-spring-data-compact+json
14:41:38.784 [Spring Shell] DEBUG o.s.d.r.s.commands.DiscoveryCommands - Returning links: []
14:41:49.676 [Spring Shell] INFO  o.s.d.r.shell.commands.HttpCommands - Sending GET to http://timetracking-nonpropellent-tinhorn.local.micropcf.io/timeEntries/self using null
14:41:54.982 [Spring Shell] INFO  o.s.d.r.shell.commands.HttpCommands - Sending GET to http://timetracking-nonpropellent-tinhorn.local.micropcf.io/timeEntries/self using null
14:41:58.529 [Spring Shell] DEBUG o.s.d.r.s.commands.DiscoveryCommands - No 'Accept' header specified, using application/x-spring-data-compact+json
14:41:58.764 [Spring Shell] DEBUG o.s.d.r.s.commands.DiscoveryCommands - Returning links: [{ rel : self, href : http://timetracking-nonpropellent-tinhorn.local.micropcf.io/timeEntries{?page,size,sort} }, { rel : search, href : http://timetracking-nonpropellent-tinhorn.local.micropcf.io/timeEntries/search }, { rel : timeEntry, href : http://timetracking-nonpropellent-tinhorn.local.micropcf.io/timeEntries/1 }, { rel : timeEntry, href : http://timetracking-nonpropellent-tinhorn.local.micropcf.io/timeEntries/2 }, { rel : timeEntry, href : http://timetracking-nonpropellent-tinhorn.local.micropcf.io/timeEntries/3 }, { rel : timeEntry, href : http://timetracking-nonpropellent-tinhorn.local.micropcf.io/timeEntries/4 }, { rel : timeEntry, href : http://timetracking-nonpropellent-tinhorn.local.micropcf.io/timeEntries/5 }, { rel : timeEntry, href : http://timetracking-nonpropellent-tinhorn.local.micropcf.io/timeEntries/6 }, { rel : timeEntry, href : http://timetracking-nonpropellent-tinhorn.local.micropcf.io/timeEntries/7 }, { rel : timeEntry, href : http://timetracking-nonpropellent-tinhorn.local.micropcf.io/timeEntries/8 }, { rel : timeEntry, href : http://timetracking-nonpropellent-tinhorn.local.micropcf.io/timeEntries/9 }, { rel : timeEntry, href : http://timetracking-nonpropellent-tinhorn.local.micropcf.io/timeEntries/10 }]
14:42:04.445 [Spring Shell] INFO  o.s.d.r.shell.commands.HttpCommands - Sending GET to http://timetracking-nonpropellent-tinhorn.local.micropcf.io/timeEntries%7B?page,size,sort%7D using null
14:42:35.066 [Spring Shell] INFO  o.s.d.r.shell.commands.HttpCommands - Sending GET to http://timetracking-nonpropellent-tinhorn.local.micropcf.io/timeEntries/search using null
14:43:00.496 [Spring Shell] INFO  o.s.d.r.shell.commands.HttpCommands - Sending GET to http://timetracking-nonpropellent-tinhorn.local.micropcf.io/timeEntries/search/findByFeName?fename=Jig using null
14:43:05.719 [Spring Shell] INFO  o.s.d.r.shell.commands.HttpCommands - Sending GET to http://timetracking-nonpropellent-tinhorn.local.micropcf.io/timeEntries/search/findByFeName?fename=Jig+Sheth using null
14:43:24.066 [Spring Shell] INFO  o.s.d.r.shell.commands.HttpCommands - Sending POST to http://timetracking-nonpropellent-tinhorn.local.micropcf.io/timeEntries/ using {feName=Jig Sheth, accountName=Pivotal, date=2016-03-02, hours=1.5}
14:43:38.743 [Spring Shell] INFO  o.s.d.r.shell.commands.HttpCommands - Sending GET to http://timetracking-nonpropellent-tinhorn.local.micropcf.io/timeEntries/search/findByFeName?fename=Jig using null
14:43:44.327 [Spring Shell] INFO  o.s.d.r.shell.commands.HttpCommands - Sending GET to http://timetracking-nonpropellent-tinhorn.local.micropcf.io/timeEntries/search/findByFeName?fename=Jig+Sheth using null
14:43:57.899 [Spring Shell] INFO  o.s.d.r.shell.commands.HttpCommands - Sending GET to http://timetracking-nonpropellent-tinhorn.local.micropcf.io/timeEntries%7B?page,size,sort%7D using null
14:44:12.897 [Spring Shell] INFO  o.s.d.r.shell.commands.HttpCommands - Sending GET to http://timetracking-nonpropellent-tinhorn.local.micropcf.io/timeEntries/search/findByFeName?fename=Jig+Sheth using null
14:44:39.854 [Spring Shell] INFO  o.s.d.r.shell.commands.HttpCommands - Sending GET to http://timetracking-nonpropellent-tinhorn.local.micropcf.io/timeEntries/search/findByFeName?feName=Jig+Sheth using null
14:44:47.806 [Spring Shell] INFO  o.s.d.r.shell.commands.HttpCommands - Sending GET to http://timetracking-nonpropellent-tinhorn.local.micropcf.io/timeEntries/search/findByFeName?feName=Jig using null
16:06:36.808 [main] DEBUG o.s.d.r.s.commands.ContextCommands - Cleared context variables...
16:06:48.562 [Spring Shell] DEBUG o.s.d.r.s.commands.DiscoveryCommands - No 'Accept' header specified, using application/x-spring-data-compact+json
16:06:48.752 [Spring Shell] DEBUG o.s.d.r.s.commands.DiscoveryCommands - Returning links: []
16:07:01.633 [Spring Shell] INFO  o.s.d.r.shell.commands.HttpCommands - Sending GET to http://timetracking-nonpropellent-tinhorn.local.micropcf.io/timeEntries/self using null
16:07:04.751 [Spring Shell] INFO  o.s.d.r.shell.commands.HttpCommands - Sending GET to http://timetracking-nonpropellent-tinhorn.local.micropcf.io/timeEntries/self using null
16:07:07.802 [Spring Shell] INFO  o.s.d.r.shell.commands.HttpCommands - Sending GET to http://timetracking-nonpropellent-tinhorn.local.micropcf.io/timeEntries/ using null
16:07:15.937 [Spring Shell] INFO  o.s.d.r.shell.commands.HttpCommands - Sending GET to http://timetracking-nonpropellent-tinhorn.local.micropcf.io/timeEntries/self using null
16:07:21.822 [Spring Shell] DEBUG o.s.d.r.s.commands.DiscoveryCommands - No 'Accept' header specified, using application/x-spring-data-compact+json
16:07:21.859 [Spring Shell] DEBUG o.s.d.r.s.commands.DiscoveryCommands - Returning links: [{ rel : self, href : http://timetracking-nonpropellent-tinhorn.local.micropcf.io/timeEntries{?page,size,sort} }, { rel : search, href : http://timetracking-nonpropellent-tinhorn.local.micropcf.io/timeEntries/search }]
16:09:24.389 [main] DEBUG o.s.d.r.s.commands.ContextCommands - Cleared context variables...
16:09:33.966 [Spring Shell] DEBUG o.s.d.r.s.commands.DiscoveryCommands - No 'Accept' header specified, using application/x-spring-data-compact+json
16:09:34.075 [Spring Shell] DEBUG o.s.d.r.s.commands.DiscoveryCommands - Returning links: []
16:09:43.988 [Spring Shell] DEBUG o.s.d.r.s.commands.DiscoveryCommands - No 'Accept' header specified, using application/x-spring-data-compact+json
16:09:44.304 [Spring Shell] DEBUG o.s.d.r.s.commands.DiscoveryCommands - Returning links: [{ rel : self, href : http://timetracking-nonpropellent-tinhorn.local.micropcf.io/timeEntries{?page,size,sort} }, { rel : search, href : http://timetracking-nonpropellent-tinhorn.local.micropcf.io/timeEntries/search }, { rel : timeEntry, href : http://timetracking-nonpropellent-tinhorn.local.micropcf.io/timeEntries/1 }, { rel : timeEntry, href : http://timetracking-nonpropellent-tinhorn.local.micropcf.io/timeEntries/2 }, { rel : timeEntry, href : http://timetracking-nonpropellent-tinhorn.local.micropcf.io/timeEntries/3 }, { rel : timeEntry, href : http://timetracking-nonpropellent-tinhorn.local.micropcf.io/timeEntries/4 }, { rel : timeEntry, href : http://timetracking-nonpropellent-tinhorn.local.micropcf.io/timeEntries/5 }, { rel : timeEntry, href : http://timetracking-nonpropellent-tinhorn.local.micropcf.io/timeEntries/6 }, { rel : timeEntry, href : http://timetracking-nonpropellent-tinhorn.local.micropcf.io/timeEntries/7 }, { rel : timeEntry, href : http://timetracking-nonpropellent-tinhorn.local.micropcf.io/timeEntries/8 }, { rel : timeEntry, href : http://timetracking-nonpropellent-tinhorn.local.micropcf.io/timeEntries/9 }, { rel : timeEntry, href : http://timetracking-nonpropellent-tinhorn.local.micropcf.io/timeEntries/10 }]
16:09:50.454 [Spring Shell] INFO  o.s.d.r.shell.commands.HttpCommands - Sending GET to http://timetracking-nonpropellent-tinhorn.local.micropcf.io/timeEntries%7B?page,size,sort%7D using null
16:10:51.124 [Spring Shell] INFO  o.s.d.r.shell.commands.HttpCommands - Sending POST to http://timetracking-nonpropellent-tinhorn.local.micropcf.io/timeEntries/ using {feName=Jig Sheth, accountName=Pivotal, date=2016-03-03, hours=1.5}
16:10:55.379 [Spring Shell] INFO  o.s.d.r.shell.commands.HttpCommands - Sending GET to http://timetracking-nonpropellent-tinhorn.local.micropcf.io/timeEntries/11 using null
16:20:12.718 [main] DEBUG o.s.d.r.s.commands.ContextCommands - Cleared context variables...
16:20:27.704 [Spring Shell] DEBUG o.s.d.r.s.commands.DiscoveryCommands - No 'Accept' header specified, using application/x-spring-data-compact+json
16:20:28.593 [Spring Shell] DEBUG o.s.d.r.s.commands.DiscoveryCommands - Returning links: [{ rel : self, href : http://timetracking-nonpropellent-tinhorn.local.micropcf.io/timeEntries{?page,size,sort} }, { rel : search, href : http://timetracking-nonpropellent-tinhorn.local.micropcf.io/timeEntries/search }, { rel : timeEntry, href : http://timetracking-nonpropellent-tinhorn.local.micropcf.io/timeEntries/1 }, { rel : timeEntry, href : http://timetracking-nonpropellent-tinhorn.local.micropcf.io/timeEntries/2 }, { rel : timeEntry, href : http://timetracking-nonpropellent-tinhorn.local.micropcf.io/timeEntries/3 }, { rel : timeEntry, href : http://timetracking-nonpropellent-tinhorn.local.micropcf.io/timeEntries/4 }, { rel : timeEntry, href : http://timetracking-nonpropellent-tinhorn.local.micropcf.io/timeEntries/5 }, { rel : timeEntry, href : http://timetracking-nonpropellent-tinhorn.local.micropcf.io/timeEntries/6 }, { rel : timeEntry, href : http://timetracking-nonpropellent-tinhorn.local.micropcf.io/timeEntries/7 }, { rel : timeEntry, href : http://timetracking-nonpropellent-tinhorn.local.micropcf.io/timeEntries/8 }, { rel : timeEntry, href : http://timetracking-nonpropellent-tinhorn.local.micropcf.io/timeEntries/9 }, { rel : timeEntry, href : http://timetracking-nonpropellent-tinhorn.local.micropcf.io/timeEntries/10 }]
16:20:52.593 [Spring Shell] INFO  o.s.d.r.shell.commands.HttpCommands - Sending GET to http://timetracking-nonpropellent-tinhorn.local.micropcf.io/timeEntries/11 using null
16:20:57.934 [Spring Shell] INFO  o.s.d.r.shell.commands.HttpCommands - Sending GET to http://timetracking-nonpropellent-tinhorn.local.micropcf.io/timeEntries/10 using null
16:21:40.295 [Spring Shell] INFO  o.s.d.r.shell.commands.HttpCommands - Sending PUT to http://timetracking-nonpropellent-tinhorn.local.micropcf.io/timeEntries/11/ using {hours=5.5}
16:22:06.155 [Spring Shell] INFO  o.s.d.r.shell.commands.HttpCommands - Sending PUT to http://timetracking-nonpropellent-tinhorn.local.micropcf.io/timeEntries/11/ using {accountName=Pivotal, hours=5.5}
16:22:24.479 [Spring Shell] INFO  o.s.d.r.shell.commands.HttpCommands - Sending PUT to http://timetracking-nonpropellent-tinhorn.local.micropcf.io/timeEntries/11/ using {accountName=Pivotal, date=2016-03-03, hours=5.5}
16:22:49.482 [Spring Shell] INFO  o.s.d.r.shell.commands.HttpCommands - Sending PUT to http://timetracking-nonpropellent-tinhorn.local.micropcf.io/timeEntries/11/ using {feName=Mark Ediger, accountName=Pivotal, date=2016-03-03, hours=5.5}
16:22:58.839 [Spring Shell] INFO  o.s.d.r.shell.commands.HttpCommands - Sending GET to http://timetracking-nonpropellent-tinhorn.local.micropcf.io/timeEntries/11/11 using null
16:23:03.887 [Spring Shell] INFO  o.s.d.r.shell.commands.HttpCommands - Sending GET to http://timetracking-nonpropellent-tinhorn.local.micropcf.io/timeEntries/11/ using null
16:23:14.820 [Spring Shell] INFO  o.s.d.r.shell.commands.HttpCommands - Sending GET to http://timetracking-nonpropellent-tinhorn.local.micropcf.io/timeEntries%7B?page,size,sort%7D using null
16:24:12.987 [main] DEBUG o.s.d.r.s.commands.ContextCommands - Cleared context variables...
16:24:24.457 [Spring Shell] DEBUG o.s.d.r.s.commands.DiscoveryCommands - No 'Accept' header specified, using application/x-spring-data-compact+json
16:24:24.909 [Spring Shell] DEBUG o.s.d.r.s.commands.DiscoveryCommands - Returning links: [{ rel : self, href : http://timetracking-nonpropellent-tinhorn.local.micropcf.io/timeEntries{?page,size,sort} }, { rel : search, href : http://timetracking-nonpropellent-tinhorn.local.micropcf.io/timeEntries/search }, { rel : timeEntry, href : http://timetracking-nonpropellent-tinhorn.local.micropcf.io/timeEntries/1 }, { rel : timeEntry, href : http://timetracking-nonpropellent-tinhorn.local.micropcf.io/timeEntries/2 }, { rel : timeEntry, href : http://timetracking-nonpropellent-tinhorn.local.micropcf.io/timeEntries/3 }, { rel : timeEntry, href : http://timetracking-nonpropellent-tinhorn.local.micropcf.io/timeEntries/4 }, { rel : timeEntry, href : http://timetracking-nonpropellent-tinhorn.local.micropcf.io/timeEntries/5 }, { rel : timeEntry, href : http://timetracking-nonpropellent-tinhorn.local.micropcf.io/timeEntries/6 }, { rel : timeEntry, href : http://timetracking-nonpropellent-tinhorn.local.micropcf.io/timeEntries/7 }, { rel : timeEntry, href : http://timetracking-nonpropellent-tinhorn.local.micropcf.io/timeEntries/8 }, { rel : timeEntry, href : http://timetracking-nonpropellent-tinhorn.local.micropcf.io/timeEntries/9 }, { rel : timeEntry, href : http://timetracking-nonpropellent-tinhorn.local.micropcf.io/timeEntries/10 }]
18:13:26.399 [main] DEBUG o.s.d.r.s.commands.ContextCommands - Cleared context variables...
18:13:40.178 [Spring Shell] DEBUG o.s.d.r.s.commands.DiscoveryCommands - No 'Accept' header specified, using application/x-spring-data-compact+json
18:13:40.654 [Spring Shell] DEBUG o.s.d.r.s.commands.DiscoveryCommands - Returning links: [{ rel : self, href : http://timetracking-unpersonable-butterball.local.pcfdev.io/timeEntries{?page,size,sort} }, { rel : search, href : http://timetracking-unpersonable-butterball.local.pcfdev.io/timeEntries/search }, { rel : timeEntry, href : http://timetracking-unpersonable-butterball.local.pcfdev.io/timeEntries/1 }, { rel : timeEntry, href : http://timetracking-unpersonable-butterball.local.pcfdev.io/timeEntries/2 }, { rel : timeEntry, href : http://timetracking-unpersonable-butterball.local.pcfdev.io/timeEntries/3 }, { rel : timeEntry, href : http://timetracking-unpersonable-butterball.local.pcfdev.io/timeEntries/4 }, { rel : timeEntry, href : http://timetracking-unpersonable-butterball.local.pcfdev.io/timeEntries/5 }, { rel : timeEntry, href : http://timetracking-unpersonable-butterball.local.pcfdev.io/timeEntries/6 }, { rel : timeEntry, href : http://timetracking-unpersonable-butterball.local.pcfdev.io/timeEntries/7 }, { rel : timeEntry, href : http://timetracking-unpersonable-butterball.local.pcfdev.io/timeEntries/8 }, { rel : timeEntry, href : http://timetracking-unpersonable-butterball.local.pcfdev.io/timeEntries/9 }, { rel : timeEntry, href : http://timetracking-unpersonable-butterball.local.pcfdev.io/timeEntries/10 }]
18:13:50.996 [Spring Shell] INFO  o.s.d.r.shell.commands.HttpCommands - Sending GET to http://timetracking-unpersonable-butterball.local.pcfdev.io/timeEntries/1 using null
18:14:42.162 [Spring Shell] INFO  o.s.d.r.shell.commands.HttpCommands - Sending POST to http://timetracking-unpersonable-butterball.local.pcfdev.io/timeEntries/ using {feName=Jig Sheth, accountName=Pivotal, date=2016-03-03, hours=3.5}
18:14:46.656 [Spring Shell] INFO  o.s.d.r.shell.commands.HttpCommands - Sending GET to http://timetracking-unpersonable-butterball.local.pcfdev.io/timeEntries/11 using null
18:20:38.594 [Spring Shell] INFO  o.s.d.r.shell.commands.HttpCommands - Sending GET to http://timetracking-unpersonable-butterball.local.pcfdev.io/timeEntries%7B?page,size,sort%7D using null
18:20:49.024 [Spring Shell] DEBUG o.s.d.r.s.commands.DiscoveryCommands - No 'Accept' header specified, using application/x-spring-data-compact+json
18:20:49.068 [Spring Shell] DEBUG o.s.d.r.s.commands.DiscoveryCommands - Returning links: [{ rel : self, href : http://timetracking-unpersonable-butterball.local.pcfdev.io/timeEntries{?page,size,sort} }, { rel : search, href : http://timetracking-unpersonable-butterball.local.pcfdev.io/timeEntries/search }]
18:23:14.184 [Spring Shell] DEBUG o.s.d.r.s.commands.DiscoveryCommands - No 'Accept' header specified, using application/x-spring-data-compact+json
18:23:14.552 [Spring Shell] DEBUG o.s.d.r.s.commands.DiscoveryCommands - Returning links: [{ rel : self, href : http://timetracking-unpersonable-butterball.local.pcfdev.io/timeEntries{?page,size,sort} }, { rel : search, href : http://timetracking-unpersonable-butterball.local.pcfdev.io/timeEntries/search }, { rel : timeEntry, href : http://timetracking-unpersonable-butterball.local.pcfdev.io/timeEntries/1 }, { rel : timeEntry, href : http://timetracking-unpersonable-butterball.local.pcfdev.io/timeEntries/2 }, { rel : timeEntry, href : http://timetracking-unpersonable-butterball.local.pcfdev.io/timeEntries/3 }, { rel : timeEntry, href : http://timetracking-unpersonable-butterball.local.pcfdev.io/timeEntries/4 }, { rel : timeEntry, href : http://timetracking-unpersonable-butterball.local.pcfdev.io/timeEntries/5 }, { rel : timeEntry, href : http://timetracking-unpersonable-butterball.local.pcfdev.io/timeEntries/6 }, { rel : timeEntry, href : http://timetracking-unpersonable-butterball.local.pcfdev.io/timeEntries/7 }, { rel : timeEntry, href : http://timetracking-unpersonable-butterball.local.pcfdev.io/timeEntries/8 }, { rel : timeEntry, href : http://timetracking-unpersonable-butterball.local.pcfdev.io/timeEntries/9 }, { rel : timeEntry, href : http://timetracking-unpersonable-butterball.local.pcfdev.io/timeEntries/10 }]
18:23:18.103 [Spring Shell] INFO  o.s.d.r.shell.commands.HttpCommands - Sending POST to http://timetracking-unpersonable-butterball.local.pcfdev.io/timeEntries/ using {feName=Jig Sheth, accountName=Pivotal, date=2016-03-03, hours=3.5}
18:26:43.907 [Spring Shell] DEBUG o.s.d.r.s.commands.DiscoveryCommands - No 'Accept' header specified, using application/x-spring-data-compact+json
18:26:44.686 [Spring Shell] DEBUG o.s.d.r.s.commands.DiscoveryCommands - Returning links: [{ rel : self, href : http://timetracking-unpersonable-butterball.local.pcfdev.io/timeEntries{?page,size,sort} }, { rel : search, href : http://timetracking-unpersonable-butterball.local.pcfdev.io/timeEntries/search }, { rel : timeEntry, href : http://timetracking-unpersonable-butterball.local.pcfdev.io/timeEntries/1 }, { rel : timeEntry, href : http://timetracking-unpersonable-butterball.local.pcfdev.io/timeEntries/2 }, { rel : timeEntry, href : http://timetracking-unpersonable-butterball.local.pcfdev.io/timeEntries/3 }, { rel : timeEntry, href : http://timetracking-unpersonable-butterball.local.pcfdev.io/timeEntries/4 }, { rel : timeEntry, href : http://timetracking-unpersonable-butterball.local.pcfdev.io/timeEntries/5 }, { rel : timeEntry, href : http://timetracking-unpersonable-butterball.local.pcfdev.io/timeEntries/6 }, { rel : timeEntry, href : http://timetracking-unpersonable-butterball.local.pcfdev.io/timeEntries/7 }, { rel : timeEntry, href : http://timetracking-unpersonable-butterball.local.pcfdev.io/timeEntries/8 }, { rel : timeEntry, href : http://timetracking-unpersonable-butterball.local.pcfdev.io/timeEntries/9 }, { rel : timeEntry, href : http://timetracking-unpersonable-butterball.local.pcfdev.io/timeEntries/10 }]
18:26:47.484 [Spring Shell] INFO  o.s.d.r.shell.commands.HttpCommands - Sending POST to http://timetracking-unpersonable-butterball.local.pcfdev.io/timeEntries/ using {feName=Jig Sheth, accountName=Pivotal, date=2016-03-03, hours=3.5}
18:26:50.812 [Spring Shell] INFO  o.s.d.r.shell.commands.HttpCommands - Sending POST to http://timetracking-unpersonable-butterball.local.pcfdev.io/timeEntries/ using {feName=Jig Sheth, accountName=Pivotal, date=2016-03-03, hours=3.5}
18:26:52.403 [Spring Shell] INFO  o.s.d.r.shell.commands.HttpCommands - Sending POST to http://timetracking-unpersonable-butterball.local.pcfdev.io/timeEntries/ using {feName=Jig Sheth, accountName=Pivotal, date=2016-03-03, hours=3.5}
18:28:10.771 [Spring Shell] INFO  o.s.d.r.shell.commands.HttpCommands - Sending POST to http://timetracking-unpersonable-butterball.local.pcfdev.io/timeEntries/ using {feName=Jig Sheth, accountName=Pivotal, date=2016-03-03, hours=3.5}
18:29:35.713 [Spring Shell] INFO  o.s.d.r.shell.commands.HttpCommands - Sending POST to http://timetracking-unpersonable-butterball.local.pcfdev.io/timeEntries/ using {feName=Jig Sheth, accountName=Pivotal, date=2016-03-03, hours=3.5}
18:29:38.836 [Spring Shell] INFO  o.s.d.r.shell.commands.HttpCommands - Sending POST to http://timetracking-unpersonable-butterball.local.pcfdev.io/timeEntries/ using {feName=Jig Sheth, accountName=Pivotal, date=2016-03-03, hours=3.5}
18:30:05.144 [Spring Shell] INFO  o.s.d.r.shell.commands.HttpCommands - Sending POST to http://timetracking-unpersonable-butterball.local.pcfdev.io/timeEntries/ using {feName=Jig Sheth, accountName=Pivotal, date=2016-03-03, hours=3.5}
18:34:26.676 [Spring Shell] INFO  o.s.d.r.shell.commands.HttpCommands - Sending POST to http://timetracking-unpersonable-butterball.local.pcfdev.io/timeEntries/ using {feName=Jig Sheth, accountName=Pivotal, date=2016-03-03, hours=3.5}
18:34:39.866 [Spring Shell] INFO  o.s.d.r.shell.commands.HttpCommands - Sending POST to http://timetracking-unpersonable-butterball.local.pcfdev.io/timeEntries/ using {feName=Jig Sheth, accountName=Pivotal, date=2016-03-03, hours=3.5}
18:34:54.417 [Spring Shell] INFO  o.s.d.r.shell.commands.HttpCommands - Sending POST to http://timetracking-unpersonable-butterball.local.pcfdev.io/timeEntries/ using {feName=Jig Sheth, accountName=Pivotal, date=2016-03-03, hours=3.5}
18:37:51.461 [Spring Shell] INFO  o.s.d.r.shell.commands.HttpCommands - Sending GET to http://timetracking-unpersonable-butterball.local.pcfdev.io/timeEntries/1 using null
18:38:44.706 [Spring Shell] INFO  o.s.d.r.shell.commands.HttpCommands - Sending POST to http://timetracking-unpersonable-butterball.local.pcfdev.io/timeEntries/ using {timeEntryId=1, feName=Chris Moon, hours=5.5}
18:38:49.873 [Spring Shell] INFO  o.s.d.r.shell.commands.HttpCommands - Sending GET to http://timetracking-unpersonable-butterball.local.pcfdev.io/timeEntries/1 using null
18:39:23.576 [Spring Shell] INFO  o.s.d.r.shell.commands.HttpCommands - Sending POST to http://timetracking-unpersonable-butterball.local.pcfdev.io/timeEntries/ using {timeEntryId=1, feName=Chris Moon, date=2016-03-03, accountName=Kraft, hours=5.5}
18:39:25.886 [Spring Shell] INFO  o.s.d.r.shell.commands.HttpCommands - Sending GET to http://timetracking-unpersonable-butterball.local.pcfdev.io/timeEntries/1 using null
18:39:33.172 [Spring Shell] INFO  o.s.d.r.shell.commands.HttpCommands - Sending GET to http://timetracking-unpersonable-butterball.local.pcfdev.io/timeEntries/search using null
18:40:10.005 [Spring Shell] INFO  o.s.d.r.shell.commands.HttpCommands - Sending GET to http://timetracking-unpersonable-butterball.local.pcfdev.io/timeEntries/search/findByFeName?feName=Chris+Moon using null
