// rest-shell 1.0.1.BUILD-SNAPSHOT log opened at 2016-03-02 14:30:08
// rest-shell 1.0.1.BUILD-SNAPSHOT log opened at 2016-03-02 14:32:49
discover http://timetracking-nonpropellent-tinhorn.local.micropcf.io/alps/timeEntries
// [failed] list
help
discover
up
up
get timeEntries
follow timeEntries
get 1
discover
get search
get search/findByFeName --params "{feName: 'Chris Moon'}"
get self
get search
get search/findByAccountName --params "{accountName: 'Pivotal'}"
exit
// rest-shell 1.0.1.BUILD-SNAPSHOT log closed at 2016-03-02 14:35:55
// rest-shell 1.0.1.BUILD-SNAPSHOT log opened at 2016-03-02 14:36:26
discover http://timetracking-nonpropellent-tinhorn.local.micropcf.io
follow timeEntries
discover
get 1
help post
post --data "{feName: 'Jig', accountName: 'Pivotal', date: '2016-03-02', hours: 1.5}"
get 11
get
get self
post --data "{feName: 'Jig Sheth', accountName: 'Pivotal', date: '2016-03-02', hours: 1.5}"
get self
exit
// rest-shell 1.0.1.BUILD-SNAPSHOT log closed at 2016-03-02 14:39:36
// rest-shell 1.0.1.BUILD-SNAPSHOT log opened at 2016-03-02 14:41:20
// [failed] discover timetracking-nonpropellent-tinhorn.local.micropcf.io
discover http://timetracking-nonpropellent-tinhorn.local.micropcf.io
follow timeEntries
get self
get self
discover
get self
get search
get search/findByFeName --params "{fename: 'Jig'}"
get search/findByFeName --params "{fename: 'Jig Sheth'}"
post --data "{feName: 'Jig Sheth', accountName: 'Pivotal', date: '2016-03-02', hours: 1.5}"
get search/findByFeName --params "{fename: 'Jig'}"
get search/findByFeName --params "{fename: 'Jig Sheth'}"
get self
get search/findByFeName --params "{fename: 'Jig Sheth'}"
get search/findByFeName --params "{feName: 'Jig Sheth'}"
get search/findByFeName --params "{feName: 'Jig'}"
exit
// rest-shell 1.0.1.BUILD-SNAPSHOT log closed at 2016-03-02 14:45:28
// rest-shell 1.0.1.BUILD-SNAPSHOT log opened at 2016-03-02 16:06:37
discover http://timetracking-nonpropellent-tinhorn.local.micropcf.io
follow timeEntries
get self
get self
get
get self
discover
exit
// rest-shell 1.0.1.BUILD-SNAPSHOT log closed at 2016-03-02 16:07:38
// rest-shell 1.0.1.BUILD-SNAPSHOT log opened at 2016-03-02 16:09:24
discover http://timetracking-nonpropellent-tinhorn.local.micropcf.io
follow timeEntries
discover
get self
post --data "{feName: 'Jig Sheth', accountName: 'Pivotal', date: '2016-03-03', hours: 1.5}"
get 11
exit
// rest-shell 1.0.1.BUILD-SNAPSHOT log closed at 2016-03-02 16:12:39
// rest-shell 1.0.1.BUILD-SNAPSHOT log opened at 2016-03-02 16:20:13
discover http://timetracking-nonpropellent-tinhorn.local.micropcf.io/timeEntries
get 11
get 10
follow 11
put --data "{hours: 5.5}"
put --data "{accountName: 'Pivotal', hours: 5.5}"
put --data "{accountName: 'Pivotal', date: '2016-03-03', hours: 5.5}"
put --data "{feName: 'Mark Ediger', accountName: 'Pivotal', date: '2016-03-03', hours: 5.5}"
get 11
get
up
get self
exit
// rest-shell 1.0.1.BUILD-SNAPSHOT log closed at 2016-03-02 16:23:30
// rest-shell 1.0.1.BUILD-SNAPSHOT log opened at 2016-03-02 16:24:13
discover http://timetracking-nonpropellent-tinhorn.local.micropcf.io/timeEntries
exit
// rest-shell 1.0.1.BUILD-SNAPSHOT log closed at 2016-03-02 16:24:50
// rest-shell 1.0.1.BUILD-SNAPSHOT log opened at 2016-03-02 18:13:27
discover http://timetracking-unpersonable-butterball.local.pcfdev.io/timeEntries
get 1
post --data "{feName: 'Jig Sheth', accountName: 'Pivotal', date: '2016-03-03', hours: 3.5}"
get 11
get self
discover
discover
post --data "{feName: 'Jig Sheth', accountName: 'Pivotal', date: '2016-03-03', hours: 3.5}"
discover
post --data "{feName: 'Jig Sheth', accountName: 'Pivotal', date: '2016-03-03', hours: 3.5}"
post --data "{feName: 'Jig Sheth', accountName: 'Pivotal', date: '2016-03-03', hours: 3.5}"
post --data "{feName: 'Jig Sheth', accountName: 'Pivotal', date: '2016-03-03', hours: 3.5}"
post --data "{feName: 'Jig Sheth', accountName: 'Pivotal', date: '2016-03-03', hours: 3.5}"
post --data "{feName: 'Jig Sheth', accountName: 'Pivotal', date: '2016-03-03', hours: 3.5}"
post --data "{feName: 'Jig Sheth', accountName: 'Pivotal', date: '2016-03-03', hours: 3.5}"
post --data "{feName: 'Jig Sheth', accountName: 'Pivotal', date: '2016-03-03', hours: 3.5}"
post --data "{feName: 'Jig Sheth', accountName: 'Pivotal', date: '2016-03-03', hours: 3.5}"
post --data "{feName: 'Jig Sheth', accountName: 'Pivotal', date: '2016-03-03', hours: 3.5}"
post --data "{feName: 'Jig Sheth', accountName: 'Pivotal', date: '2016-03-03', hours: 3.5}"
get 1
post --data "{timeEntryId:1, feName: 'Chris Moon', hours: 5.5}"
get 1
post --data "{timeEntryId:1, feName: 'Chris Moon', date: '2016-03-03', accountName: 'Kraft', hours: 5.5}"
get 1
get search
get search/findByFeName --params "{feName: 'Chris Moon'}"
exit
// rest-shell 1.0.1.BUILD-SNAPSHOT log closed at 2016-03-02 18:44:38
