0 info it worked if it ends with ok
1 verbose cli [ 'node', '/usr/local/bin/npm', 'install', '-g', 'bower' ]
2 info using npm@2.7.5
3 info using node@v0.12.2
4 verbose node symlink /usr/local/bin/node
5 silly cache add args [ 'bower', null ]
6 verbose cache add spec bower
7 silly cache add parsed spec { raw: 'bower',
7 silly cache add   scope: null,
7 silly cache add   name: 'bower',
7 silly cache add   rawSpec: '',
7 silly cache add   spec: '*',
7 silly cache add   type: 'range' }
8 verbose addNamed bower@*
9 silly addNamed semver.valid null
10 silly addNamed semver.validRange *
11 silly addNameRange { name: 'bower', range: '*', hasData: false }
12 silly mapToRegistry name bower
13 silly mapToRegistry using default registry
14 silly mapToRegistry registry https://registry.npmjs.org/
15 silly mapToRegistry uri https://registry.npmjs.org/bower
16 verbose addNameRange registry:https://registry.npmjs.org/bower not in flight; fetching
17 verbose request uri https://registry.npmjs.org/bower
18 verbose request no auth needed
19 info attempt registry request try #1 at 08:22:42
20 verbose request id d1e7719bed8b7c4b
21 verbose etag "BWV73V8ZTPVRGMNI1EYSE0Y42"
22 http request GET https://registry.npmjs.org/bower
23 http 200 https://registry.npmjs.org/bower
24 silly get cb [ 200,
24 silly get   { server: 'CouchDB/1.5.0 (Erlang OTP/R16B03)',
24 silly get     etag: '"78TBJ5ZOWX08U4KSGSVD77K0A"',
24 silly get     'content-type': 'application/json',
24 silly get     'cache-control': 'max-age=300',
24 silly get     'content-length': '168883',
24 silly get     'accept-ranges': 'bytes',
24 silly get     date: 'Wed, 10 Feb 2016 14:22:42 GMT',
24 silly get     via: '1.1 varnish',
24 silly get     age: '224',
24 silly get     connection: 'keep-alive',
24 silly get     'x-served-by': 'cache-dfw1821-DFW',
24 silly get     'x-cache': 'HIT',
24 silly get     'x-cache-hits': '5',
24 silly get     'x-timer': 'S1455114162.855656,VS0,VE0',
24 silly get     vary: 'Accept' } ]
25 verbose get saving bower to /Users/jsheth/.npm/registry.npmjs.org/bower/.cache.json
26 silly addNameRange number 2 { name: 'bower', range: '*', hasData: true }
27 silly addNameRange versions [ 'bower',
27 silly addNameRange   [ '0.1.0',
27 silly addNameRange     '0.1.2',
27 silly addNameRange     '0.1.3',
27 silly addNameRange     '0.2.0',
27 silly addNameRange     '0.3.0',
27 silly addNameRange     '0.3.1',
27 silly addNameRange     '0.3.2',
27 silly addNameRange     '0.4.0',
27 silly addNameRange     '0.5.0',
27 silly addNameRange     '0.5.1',
27 silly addNameRange     '0.6.0',
27 silly addNameRange     '0.6.1',
27 silly addNameRange     '0.6.2',
27 silly addNameRange     '0.6.3',
27 silly addNameRange     '0.6.4',
27 silly addNameRange     '0.6.5',
27 silly addNameRange     '0.6.6',
27 silly addNameRange     '0.6.7',
27 silly addNameRange     '0.6.8',
27 silly addNameRange     '0.7.0',
27 silly addNameRange     '0.7.1',
27 silly addNameRange     '0.8.0',
27 silly addNameRange     '0.8.1',
27 silly addNameRange     '0.8.2',
27 silly addNameRange     '0.8.3',
27 silly addNameRange     '0.8.4',
27 silly addNameRange     '0.8.5',
27 silly addNameRange     '0.8.6',
27 silly addNameRange     '0.9.0',
27 silly addNameRange     '0.9.1',
27 silly addNameRange     '0.9.2',
27 silly addNameRange     '0.10.0',
27 silly addNameRange     '1.0.0',
27 silly addNameRange     '1.0.1',
27 silly addNameRange     '1.0.2',
27 silly addNameRange     '1.0.3',
27 silly addNameRange     '1.1.0',
27 silly addNameRange     '1.1.1',
27 silly addNameRange     '1.1.2',
27 silly addNameRange     '1.2.0',
27 silly addNameRange     '1.2.1',
27 silly addNameRange     '1.2.2',
27 silly addNameRange     '1.2.3',
27 silly addNameRange     '1.2.4',
27 silly addNameRange     '1.2.5',
27 silly addNameRange     '1.2.6',
27 silly addNameRange     '1.2.7',
27 silly addNameRange     '1.2.8',
27 silly addNameRange     '1.3.0',
27 silly addNameRange     '1.3.1',
27 silly addNameRange     '1.3.2',
27 silly addNameRange     '1.3.3',
27 silly addNameRange     '1.3.4',
27 silly addNameRange     '1.3.5',
27 silly addNameRange     '1.3.6',
27 silly addNameRange     '1.3.7',
27 silly addNameRange     '1.3.8',
27 silly addNameRange     '1.3.9',
27 silly addNameRange     '1.3.10',
27 silly addNameRange     '1.3.11',
27 silly addNameRange     '1.3.12',
27 silly addNameRange     '1.4.0',
27 silly addNameRange     '1.4.1',
27 silly addNameRange     '1.5.0',
27 silly addNameRange     '1.5.1',
27 silly addNameRange     '1.5.2',
27 silly addNameRange     '1.5.3',
27 silly addNameRange     '1.6.2',
27 silly addNameRange     '1.6.3',
27 silly addNameRange     '1.6.4',
27 silly addNameRange     '1.6.5',
27 silly addNameRange     '1.5.4',
27 silly addNameRange     '1.4.2',
27 silly addNameRange     '1.6.6',
27 silly addNameRange     '1.6.7',
27 silly addNameRange     '1.6.8',
27 silly addNameRange     '1.6.9',
27 silly addNameRange     '1.7.0',
27 silly addNameRange     '1.7.1',
27 silly addNameRange     '1.7.2',
27 silly addNameRange     '1.7.5',
27 silly addNameRange     '1.7.6',
27 silly addNameRange     '1.7.7' ] ]
28 verbose addNamed bower@1.7.7
29 silly addNamed semver.valid 1.7.7
30 silly addNamed semver.validRange 1.7.7
31 silly mapToRegistry name bower
32 silly mapToRegistry using default registry
33 silly mapToRegistry registry https://registry.npmjs.org/
34 silly mapToRegistry uri https://registry.npmjs.org/bower
35 verbose addRemoteTarball https://registry.npmjs.org/bower/-/bower-1.7.7.tgz not in flight; adding
36 verbose addRemoteTarball [ 'https://registry.npmjs.org/bower/-/bower-1.7.7.tgz',
36 verbose addRemoteTarball   '2fd7ff3ebdcba5a8ffcd84c397c8fdfe9f825f92' ]
37 info retry fetch attempt 1 at 08:22:42
38 info attempt registry request try #1 at 08:22:42
39 http fetch GET https://registry.npmjs.org/bower/-/bower-1.7.7.tgz
40 http fetch 200 https://registry.npmjs.org/bower/-/bower-1.7.7.tgz
41 silly fetchAndShaCheck shasum 2fd7ff3ebdcba5a8ffcd84c397c8fdfe9f825f92
42 verbose addTmpTarball /var/folders/vv/ttgyjt390sb8n5_kqdwtynkm0000gn/T/npm-17886-c30ba63f/registry.npmjs.org/bower/-/bower-1.7.7.tgz not in flight; adding
43 verbose addTmpTarball already have metadata; skipping unpack for bower@1.7.7
44 silly cache afterAdd bower@1.7.7
45 verbose afterAdd /Users/jsheth/.npm/bower/1.7.7/package/package.json not in flight; writing
46 verbose afterAdd /Users/jsheth/.npm/bower/1.7.7/package/package.json written
47 silly install resolved [ { name: 'bower',
47 silly install resolved     version: '1.7.7',
47 silly install resolved     description: 'The browser package manager',
47 silly install resolved     author: { name: 'Twitter' },
47 silly install resolved     license: 'MIT',
47 silly install resolved     repository: { type: 'git', url: 'git+https://github.com/bower/bower.git' },
47 silly install resolved     main: 'lib',
47 silly install resolved     bin: { bower: 'bin/bower' },
47 silly install resolved     homepage: 'http://bower.io',
47 silly install resolved     engines: { node: '>=0.10.0' },
47 silly install resolved     keywords: [ 'bower' ],
47 silly install resolved     files: [ 'bin', 'lib' ],
47 silly install resolved     bugs: { url: 'https://github.com/bower/bower/issues' },
47 silly install resolved     _id: 'bower@1.7.7',
47 silly install resolved     scripts: {},
47 silly install resolved     _shasum: '2fd7ff3ebdcba5a8ffcd84c397c8fdfe9f825f92',
47 silly install resolved     _from: 'bower@*',
47 silly install resolved     _npmVersion: '3.5.3',
47 silly install resolved     _nodeVersion: '4.1.1',
47 silly install resolved     _npmUser: { name: 'sheerun', email: 'sheerun@sher.pl' },
47 silly install resolved     dist:
47 silly install resolved      { shasum: '2fd7ff3ebdcba5a8ffcd84c397c8fdfe9f825f92',
47 silly install resolved        tarball: 'http://registry.npmjs.org/bower/-/bower-1.7.7.tgz' },
47 silly install resolved     maintainers:
47 silly install resolved      [ [Object],
47 silly install resolved        [Object],
47 silly install resolved        [Object],
47 silly install resolved        [Object],
47 silly install resolved        [Object],
47 silly install resolved        [Object],
47 silly install resolved        [Object] ],
47 silly install resolved     directories: {},
47 silly install resolved     _resolved: 'https://registry.npmjs.org/bower/-/bower-1.7.7.tgz' } ]
48 info install bower@1.7.7 into /usr/local/lib
49 info installOne bower@1.7.7
50 verbose installOne of bower to /usr/local/lib not in flight; installing
51 verbose lock using /Users/jsheth/.npm/_locks/bower-e8debc5417026b57.lock for /usr/local/lib/node_modules/bower
52 silly install write writing bower 1.7.7 to /usr/local/lib/node_modules/bower
53 silly cache addNamed cb bower@1.7.7
54 verbose unbuild lib/node_modules/bower
55 info preuninstall bower@1.6.5
56 info uninstall bower@1.6.5
57 verbose unbuild rmStuff bower@1.6.5 from /usr/local/lib/node_modules
58 silly gentlyRm /usr/local/bin/bower is being gently removed
59 silly gentlyRm verifying /usr/local is an npm working directory
60 silly gentlyRm containing path /usr/local is under npm's control, in /usr/local
61 silly gentlyRm deletion target /usr/local/bin/bower is under /usr/local
62 verbose gentlyRm vacuuming from /usr/local/bin/bower up to /usr/local
63 silly vacuum-fs removing /usr/local/bin/bower
64 verbose unlock done using /Users/jsheth/.npm/_locks/bower-e8debc5417026b57.lock for /usr/local/lib/node_modules/bower
65 verbose stack Error: EACCES, unlink '/usr/local/bin/bower'
65 verbose stack     at Error (native)
66 verbose cwd /Users/jsheth/Documents/workspace/fe-time-tracking/src/main/resources/public
67 error Darwin 15.3.0
68 error argv "node" "/usr/local/bin/npm" "install" "-g" "bower"
69 error node v0.12.2
70 error npm  v2.7.5
71 error path /usr/local/bin/bower
72 error code EACCES
73 error errno -13
74 error Error: EACCES, unlink '/usr/local/bin/bower'
74 error     at Error (native)
74 error  { [Error: EACCES, unlink '/usr/local/bin/bower'] errno: -13, code: 'EACCES', path: '/usr/local/bin/bower' }
75 error Please try running this command again as root/Administrator.
76 verbose exit [ -13, true ]
77 verbose unbuild lib/node_modules/bower
78 info preuninstall bower@1.6.5
79 info uninstall bower@1.6.5
80 verbose unbuild rmStuff bower@1.6.5 from /usr/local/lib/node_modules
81 silly gentlyRm /usr/local/bin/bower is being gently removed
82 silly gentlyRm verifying /usr/local is an npm working directory
83 silly gentlyRm containing path /usr/local is under npm's control, in /usr/local
84 silly gentlyRm deletion target /usr/local/bin/bower is under /usr/local
85 verbose gentlyRm vacuuming from /usr/local/bin/bower up to /usr/local
86 silly vacuum-fs removing /usr/local/bin/bower
87 error error rolling back Error: EACCES, unlink '/usr/local/bin/bower'
87 error error rolling back     at Error (native)
87 error error rolling back  { [Error: EACCES, unlink '/usr/local/bin/bower'] errno: -13, code: 'EACCES', path: '/usr/local/bin/bower' }
